[35m[Appium][39m Welcome to Appium v2.3.0
[35m[Appium][39m Non-default server args:
[35m[Appium][39m { basePath: [32m'/wd/hub'[39m, loglevel: [32m'info'[39m, port: [33m59942[39m }
[35m[Appium][39m Attempting to load driver uiautomator2...
[35m[Appium][39m Appium REST http interface listener started on http://0.0.0.0:59942/wd/hub
[35m[Appium][39m You can provide the following URLs in your client code to connect to this server:
[35m[Appium][39m 	http://192.168.100.123:59942/wd/hub
[35m[Appium][39m 	http://127.0.0.1:59942/wd/hub (only accessible from the same host)
[35m[Appium][39m Available drivers:
[35m[Appium][39m   - uiautomator2@2.37.0 (automationName 'UiAutomator2')
[35m[Appium][39m No plugins have been installed. Use the "appium plugin" command to install the one(s) you want to use.
[38;5;0m[HTTP][0m [37m-->[39m [37mGET[39m [37m/wd/hub/status[39m
[38;5;0m[HTTP][0m [90m{}[39m
[38;5;0m[HTTP][0m [37m<-- GET /wd/hub/status [39m[32m200[39m [90m8 ms - 110[39m
[38;5;0m[HTTP][0m [90m[39m
[38;5;0m[HTTP][0m [37m-->[39m [37mGET[39m [37m/wd/hub/status[39m
[38;5;0m[HTTP][0m [90m{}[39m
[38;5;0m[HTTP][0m [37m<-- GET /wd/hub/status [39m[32m200[39m [90m1 ms - 110[39m
[38;5;0m[HTTP][0m [90m[39m
[38;5;0m[HTTP][0m [37m-->[39m [37mPOST[39m [37m/wd/hub/session[39m
[38;5;0m[HTTP][0m [90m{"desiredCapabilities":{"appium:systemPort":8283,"appium:udid":"0726325192015173","appium:autoGrantPermissions":true,"appium:newCommandTimeout":1800,"appium:platformName":"ANDROID","appium:appActivity":".Settings","appium:deviceName":"INFINIX MOBILITY LIMITED Infinix X6810 (Android 11)","platformName":"Android","appium:automationName":"uiautomator2","appium:platformVersion":"11","appium:appPackage":"com.android.settings"},"capabilities":{"firstMatch":[{"appium:appActivity":".Settings","appium:appPackage":"com.android.settings","appium:autoGrantPermissions":true,"appium:automationName":"uiautomator2","appium:deviceName":"INFINIX MOBILITY LIMITED Infinix X6810 (Android 11)","appium:newCommandTimeout":1800,"appium:platformName":"ANDROID","appium:platformVersion":"11","appium:systemPort":8283,"appium:udid":"0726325192015173","platformName":"android"}]}}[39m
[38;5;32m[BaseDriver][0m Ignoring capability 'appium:platformName=ANDROID' and using capability 'platformName=android'
[38;5;32m[BaseDriver][0m The capabilities ["platformName"] are standard capabilities and do not require "appium:" prefix
[35m[Appium][39m Attempting to find matching driver for automationName 'uiautomator2' and platformName 'android'
[35m[Appium][39m The 'uiautomator2' driver was installed and matched caps.
[35m[Appium][39m Will require it at C:\Users\Lenovo\.appium\node_modules\appium-uiautomator2-driver
[38;5;16m[AppiumDriver@2285][0m Appium v2.3.0 creating new AndroidUiautomator2Driver (v2.37.0) session
[38;5;16m[AppiumDriver@2285][0m Checking BaseDriver versions for Appium and AndroidUiautomator2Driver
[38;5;16m[AppiumDriver@2285][0m Appium's BaseDriver version is 9.4.4
[38;5;16m[AppiumDriver@2285][0m AndroidUiautomator2Driver's BaseDriver version is 9.4.4
[38;5;48m[AndroidUiautomator2Driver@f574 (8d5e3f7c)][0m Session created with session id: 8d5e3f7c-1700-47d5-bd8c-52e34f9f9f86
[38;5;48m[AndroidUiautomator2Driver@f574 (8d5e3f7c)][0m Starting 'com.android.settings' directly on the device
[38;5;64m[ADB][0m Found 2 'build-tools' folders under 'C:\Users\Lenovo\AppData\Local\Android\Sdk' (newest first):
[38;5;64m[ADB][0m     C:\Users\Lenovo\AppData\Local\Android\Sdk\build-tools\34.0.0
[38;5;64m[ADB][0m     C:\Users\Lenovo\AppData\Local\Android\Sdk\build-tools\33.0.1
[38;5;64m[ADB][0m Using 'adb.exe' from 'C:\Users\Lenovo\AppData\Local\Android\Sdk\platform-tools\adb.exe'
[38;5;80m[AndroidDriver][0m Retrieving device list
[38;5;80m[AndroidDriver][0m Using device: 0726325192015173
[38;5;64m[ADB][0m Using 'adb.exe' from 'C:\Users\Lenovo\AppData\Local\Android\Sdk\platform-tools\adb.exe'
[38;5;64m[ADB][0m Getting device platform version
[38;5;48m[AndroidUiautomator2Driver@f574 (8d5e3f7c)][0m Relaxing hidden api policy
[38;5;80m[AndroidDriver][0m No app sent in, not parsing package/activity
[38;5;64m[ADB][0m Using 'apksigner.jar' from 'C:\Users\Lenovo\AppData\Local\Android\Sdk\build-tools\34.0.0\lib\apksigner.jar'
[38;5;64m[ADB][0m 'C:\Users\Lenovo\.appium\node_modules\appium-uiautomator2-driver\node_modules\appium-uiautomator2-server\apks\appium-uiautomator2-server-debug-androidTest.apk' is signed with the default certificate
[38;5;64m[ADB][0m 'C:\Users\Lenovo\.appium\node_modules\appium-uiautomator2-driver\node_modules\appium-uiautomator2-server\apks\appium-uiautomator2-server-v5.15.0.apk' is signed with the default certificate
[38;5;48m[AndroidUiautomator2Driver@f574 (8d5e3f7c)][0m Server packages are not going to be (re)installed
[38;5;64m[ADB][0m Adding packages ["io.appium.settings","io.appium.uiautomator2.server","io.appium.uiautomator2.server.test"] to Doze whitelist
[38;5;48m[AndroidUiautomator2Driver@f574 (8d5e3f7c)][0m Starting UIAutomator2 server 5.15.0
[38;5;48m[AndroidUiautomator2Driver@f574 (8d5e3f7c)][0m Using UIAutomator2 server from 'C:\Users\Lenovo\.appium\node_modules\appium-uiautomator2-driver\node_modules\appium-uiautomator2-server\apks\appium-uiautomator2-server-v5.15.0.apk' and test from 'C:\Users\Lenovo\.appium\node_modules\appium-uiautomator2-driver\node_modules\appium-uiautomator2-server\apks\appium-uiautomator2-server-debug-androidTest.apk'
[38;5;48m[AndroidUiautomator2Driver@f574 (8d5e3f7c)][0m Waiting up to 30000ms for UiAutomator2 to be online...
[38;5;48m[AndroidUiautomator2Driver@f574 (8d5e3f7c)][0m socket hang up
[38;5;48m[AndroidUiautomator2Driver@f574 (8d5e3f7c)][0m socket hang up
[38;5;48m[AndroidUiautomator2Driver@f574 (8d5e3f7c)][0m Determined the downstream protocol as 'W3C'
[38;5;80m[AndroidDriver][0m Screen already unlocked, doing nothing
[38;5;48m[AndroidUiautomator2Driver@f574 (8d5e3f7c)][0m Starting 'com.android.settings/.Settings and waiting for 'com.android.settings/.Settings'
[38;5;16m[AppiumDriver@2285][0m New AndroidUiautomator2Driver session created successfully, session 8d5e3f7c-1700-47d5-bd8c-52e34f9f9f86 added to master session list
[38;5;0m[HTTP][0m [37m<-- POST /wd/hub/session [39m[32m200[39m [90m8527 ms - 1149[39m
[38;5;0m[HTTP][0m [90m[39m
[38;5;0m[HTTP][0m [37m-->[39m [37mGET[39m [37m/wd/hub/session/8d5e3f7c-1700-47d5-bd8c-52e34f9f9f86[39m
[38;5;0m[HTTP][0m [90m{}[39m
[38;5;0m[HTTP][0m [37m<-- GET /wd/hub/session/8d5e3f7c-1700-47d5-bd8c-52e34f9f9f86 [39m[32m200[39m [90m33 ms - 339[39m
[38;5;0m[HTTP][0m [90m[39m
[38;5;0m[HTTP][0m [37m-->[39m [37mGET[39m [37m/wd/hub/session/8d5e3f7c-1700-47d5-bd8c-52e34f9f9f86[39m
[38;5;0m[HTTP][0m [90m{}[39m
[38;5;0m[HTTP][0m [37m<-- GET /wd/hub/session/8d5e3f7c-1700-47d5-bd8c-52e34f9f9f86 [39m[32m200[39m [90m22 ms - 339[39m
[38;5;0m[HTTP][0m [90m[39m
[38;5;0m[HTTP][0m [37m-->[39m [37mGET[39m [37m/wd/hub/status[39m
[38;5;0m[HTTP][0m [90m{}[39m
[38;5;0m[HTTP][0m [37m<-- GET /wd/hub/status [39m[32m200[39m [90m3 ms - 110[39m
[38;5;0m[HTTP][0m [90m[39m
[38;5;0m[HTTP][0m [37m-->[39m [37mPOST[39m [37m/wd/hub/session/8d5e3f7c-1700-47d5-bd8c-52e34f9f9f86/timeouts[39m
[38;5;0m[HTTP][0m [90m{"implicit":60000}[39m
[38;5;0m[HTTP][0m [37m<-- POST /wd/hub/session/8d5e3f7c-1700-47d5-bd8c-52e34f9f9f86/timeouts [39m[32m200[39m [90m6 ms - 14[39m
[38;5;0m[HTTP][0m [90m[39m
[38;5;0m[HTTP][0m [37m-->[39m [37mGET[39m [37m/wd/hub/session/8d5e3f7c-1700-47d5-bd8c-52e34f9f9f86/appium/device/system_bars[39m
[38;5;0m[HTTP][0m [90m{}[39m
[38;5;0m[HTTP][0m [37m<-- GET /wd/hub/session/8d5e3f7c-1700-47d5-bd8c-52e34f9f9f86/appium/device/system_bars [39m[32m200[39m [90m175 ms - 152[39m
[38;5;0m[HTTP][0m [90m[39m
[38;5;0m[HTTP][0m [37m-->[39m [37mPOST[39m [37m/wd/hub/session/8d5e3f7c-1700-47d5-bd8c-52e34f9f9f86/appium/device/activate_app[39m
[38;5;0m[HTTP][0m [90m{"bundleId":"com.samsung.ecomm.global.in"}[39m
[38;5;0m[HTTP][0m [37m<-- POST /wd/hub/session/8d5e3f7c-1700-47d5-bd8c-52e34f9f9f86/appium/device/activate_app [39m[32m200[39m [90m151 ms - 14[39m
[38;5;0m[HTTP][0m [90m[39m
[38;5;0m[HTTP][0m [37m-->[39m [37mGET[39m [37m/wd/hub/session/8d5e3f7c-1700-47d5-bd8c-52e34f9f9f86/source[39m
[38;5;0m[HTTP][0m [90m{}[39m
[38;5;48m[AndroidUiautomator2Driver@f574 (8d5e3f7c)][0m Driver proxy active, passing request on via HTTP proxy
[38;5;48m[AndroidUiautomator2Driver@f574 (8d5e3f7c)][0m Replacing sessionId 73bc34f2-ab82-49f7-a2df-bf5311fc7eb6 with 8d5e3f7c-1700-47d5-bd8c-52e34f9f9f86
[38;5;0m[HTTP][0m [37m<-- GET /wd/hub/session/8d5e3f7c-1700-47d5-bd8c-52e34f9f9f86/source [39m[32m200[39m [90m1040 ms - 2324[39m
[38;5;0m[HTTP][0m [90m[39m
[38;5;0m[HTTP][0m [37m-->[39m [37mGET[39m [37m/wd/hub/session/8d5e3f7c-1700-47d5-bd8c-52e34f9f9f86/screenshot[39m
[38;5;0m[HTTP][0m [90m{}[39m
[38;5;0m[HTTP][0m [37m<-- GET /wd/hub/session/8d5e3f7c-1700-47d5-bd8c-52e34f9f9f86/screenshot [39m[32m200[39m [90m383 ms - 82224[39m
[38;5;0m[HTTP][0m [90m[39m
[38;5;0m[HTTP][0m [37m-->[39m [37mPOST[39m [37m/wd/hub/session/8d5e3f7c-1700-47d5-bd8c-52e34f9f9f86/elements[39m
[38;5;0m[HTTP][0m [90m{"using":"xpath","value":"//*[@class = 'android.widget.FrameLayout' and (@text = '' or . = '')]"}[39m
[38;5;0m[HTTP][0m [37m<-- POST /wd/hub/session/8d5e3f7c-1700-47d5-bd8c-52e34f9f9f86/elements [39m[32m200[39m [90m374 ms - 523[39m
[38;5;0m[HTTP][0m [90m[39m
[38;5;0m[HTTP][0m [37m-->[39m [37mPOST[39m [37m/wd/hub/session/8d5e3f7c-1700-47d5-bd8c-52e34f9f9f86/elements[39m
[38;5;0m[HTTP][0m [90m{"using":"-android uiautomator","value":"new UiSelector().className(\"android.widget.FrameLayout\")"}[39m
[38;5;0m[HTTP][0m [37m<-- POST /wd/hub/session/8d5e3f7c-1700-47d5-bd8c-52e34f9f9f86/elements [39m[32m200[39m [90m1250 ms - 523[39m
[38;5;0m[HTTP][0m [90m[39m
[38;5;0m[HTTP][0m [37m-->[39m [37mPOST[39m [37m/wd/hub/session/8d5e3f7c-1700-47d5-bd8c-52e34f9f9f86/elements[39m
[38;5;0m[HTTP][0m [90m{"using":"xpath","value":"//*[@class = 'android.widget.FrameLayout' and (@text = '' or . = '')]"}[39m
[38;5;0m[HTTP][0m [37m<-- POST /wd/hub/session/8d5e3f7c-1700-47d5-bd8c-52e34f9f9f86/elements [39m[32m200[39m [90m124 ms - 523[39m
[38;5;0m[HTTP][0m [90m[39m
[38;5;0m[HTTP][0m [37m-->[39m [37mPOST[39m [37m/wd/hub/session/8d5e3f7c-1700-47d5-bd8c-52e34f9f9f86/elements[39m
[38;5;0m[HTTP][0m [90m{"using":"-android uiautomator","value":"new UiSelector().className(\"android.widget.FrameLayout\")"}[39m
[38;5;0m[HTTP][0m [37m<-- POST /wd/hub/session/8d5e3f7c-1700-47d5-bd8c-52e34f9f9f86/elements [39m[32m200[39m [90m70 ms - 523[39m
[38;5;0m[HTTP][0m [90m[39m
[38;5;0m[HTTP][0m [37m-->[39m [37mPOST[39m [37m/wd/hub/session/8d5e3f7c-1700-47d5-bd8c-52e34f9f9f86/elements[39m
[38;5;0m[HTTP][0m [90m{"using":"xpath","value":"//*[@class = 'android.widget.FrameLayout' and (@text = '' or . = '')]"}[39m
[38;5;0m[HTTP][0m [37m<-- POST /wd/hub/session/8d5e3f7c-1700-47d5-bd8c-52e34f9f9f86/elements [39m[32m200[39m [90m474 ms - 523[39m
[38;5;0m[HTTP][0m [90m[39m
[38;5;0m[HTTP][0m [37m-->[39m [37mPOST[39m [37m/wd/hub/session/8d5e3f7c-1700-47d5-bd8c-52e34f9f9f86/elements[39m
[38;5;0m[HTTP][0m [90m{"using":"-android uiautomator","value":"new UiSelector().className(\"android.widget.FrameLayout\")"}[39m
[38;5;0m[HTTP][0m [37m<-- POST /wd/hub/session/8d5e3f7c-1700-47d5-bd8c-52e34f9f9f86/elements [39m[32m200[39m [90m68 ms - 523[39m
[38;5;0m[HTTP][0m [90m[39m
[38;5;0m[HTTP][0m [37m-->[39m [37mGET[39m [37m/wd/hub/session/8d5e3f7c-1700-47d5-bd8c-52e34f9f9f86/source[39m
[38;5;0m[HTTP][0m [90m{}[39m
[38;5;48m[AndroidUiautomator2Driver@f574 (8d5e3f7c)][0m Driver proxy active, passing request on via HTTP proxy
[38;5;48m[AndroidUiautomator2Driver@f574 (8d5e3f7c)][0m Replacing sessionId 73bc34f2-ab82-49f7-a2df-bf5311fc7eb6 with 8d5e3f7c-1700-47d5-bd8c-52e34f9f9f86
[38;5;0m[HTTP][0m [37m<-- GET /wd/hub/session/8d5e3f7c-1700-47d5-bd8c-52e34f9f9f86/source [39m[32m200[39m [90m318 ms - 13431[39m
[38;5;0m[HTTP][0m [90m[39m
[38;5;0m[HTTP][0m [37m-->[39m [37mGET[39m [37m/wd/hub/session/8d5e3f7c-1700-47d5-bd8c-52e34f9f9f86/screenshot[39m
[38;5;0m[HTTP][0m [90m{}[39m
[38;5;0m[HTTP][0m [37m<-- GET /wd/hub/session/8d5e3f7c-1700-47d5-bd8c-52e34f9f9f86/screenshot [39m[32m200[39m [90m1337 ms - 1833620[39m
[38;5;0m[HTTP][0m [90m[39m
[38;5;0m[HTTP][0m [37m-->[39m [37mPOST[39m [37m/wd/hub/session/8d5e3f7c-1700-47d5-bd8c-52e34f9f9f86/elements[39m
[38;5;0m[HTTP][0m [90m{"using":"xpath","value":"//*[@class = 'android.widget.ImageView' and @resource-id = '' and (@text = '' or . = '')]"}[39m
[38;5;0m[HTTP][0m [37m<-- POST /wd/hub/session/8d5e3f7c-1700-47d5-bd8c-52e34f9f9f86/elements [39m[32m200[39m [90m969 ms - 651[39m
[38;5;0m[HTTP][0m [90m[39m
[38;5;0m[HTTP][0m [37m-->[39m [37mPOST[39m [37m/wd/hub/session/8d5e3f7c-1700-47d5-bd8c-52e34f9f9f86/elements[39m
[38;5;0m[HTTP][0m [90m{"using":"accessibility id","value":"Smartphones"}[39m
[38;5;0m[HTTP][0m [37m<-- POST /wd/hub/session/8d5e3f7c-1700-47d5-bd8c-52e34f9f9f86/elements [39m[32m200[39m [90m808 ms - 139[39m
[38;5;0m[HTTP][0m [90m[39m
[38;5;0m[HTTP][0m [37m-->[39m [37mGET[39m [37m/wd/hub/session/8d5e3f7c-1700-47d5-bd8c-52e34f9f9f86/window/rect[39m
[38;5;0m[HTTP][0m [90m{}[39m
[38;5;0m[HTTP][0m [37m<-- GET /wd/hub/session/8d5e3f7c-1700-47d5-bd8c-52e34f9f9f86/window/rect [39m[32m200[39m [90m25 ms - 50[39m
[38;5;0m[HTTP][0m [90m[39m
[38;5;0m[HTTP][0m [37m-->[39m [37mPOST[39m [37m/wd/hub/session/8d5e3f7c-1700-47d5-bd8c-52e34f9f9f86/elements[39m
[38;5;0m[HTTP][0m [90m{"using":"accessibility id","value":"Smartphones"}[39m
[38;5;0m[HTTP][0m [37m<-- POST /wd/hub/session/8d5e3f7c-1700-47d5-bd8c-52e34f9f9f86/elements [39m[32m200[39m [90m51 ms - 139[39m
[38;5;0m[HTTP][0m [90m[39m
[38;5;0m[HTTP][0m [37m-->[39m [37mGET[39m [37m/wd/hub/session/8d5e3f7c-1700-47d5-bd8c-52e34f9f9f86/element/00000000-0000-01dd-0000-004400000004/location[39m
[38;5;0m[HTTP][0m [90m{}[39m
[38;5;48m[AndroidUiautomator2Driver@f574 (8d5e3f7c)][0m Driver proxy active, passing request on via HTTP proxy
[38;5;48m[AndroidUiautomator2Driver@f574 (8d5e3f7c)][0m Replacing sessionId 73bc34f2-ab82-49f7-a2df-bf5311fc7eb6 with 8d5e3f7c-1700-47d5-bd8c-52e34f9f9f86
[38;5;0m[HTTP][0m [37m<-- GET /wd/hub/session/8d5e3f7c-1700-47d5-bd8c-52e34f9f9f86/element/00000000-0000-01dd-0000-004400000004/location [39m[32m200[39m [90m43 ms - 77[39m
[38;5;0m[HTTP][0m [90m[39m
[38;5;0m[HTTP][0m [37m-->[39m [37mPOST[39m [37m/wd/hub/session/8d5e3f7c-1700-47d5-bd8c-52e34f9f9f86/element/00000000-0000-01dd-0000-004400000004/click[39m
[38;5;0m[HTTP][0m [90m{"id":"00000000-0000-01dd-0000-004400000004"}[39m
[38;5;0m[HTTP][0m [37m<-- POST /wd/hub/session/8d5e3f7c-1700-47d5-bd8c-52e34f9f9f86/element/00000000-0000-01dd-0000-004400000004/click [39m[32m200[39m [90m58 ms - 14[39m
[38;5;0m[HTTP][0m [90m[39m
[38;5;0m[HTTP][0m [37m-->[39m [37mGET[39m [37m/wd/hub/session/8d5e3f7c-1700-47d5-bd8c-52e34f9f9f86/source[39m
[38;5;0m[HTTP][0m [90m{}[39m
[38;5;48m[AndroidUiautomator2Driver@f574 (8d5e3f7c)][0m Driver proxy active, passing request on via HTTP proxy
[38;5;48m[AndroidUiautomator2Driver@f574 (8d5e3f7c)][0m Replacing sessionId 73bc34f2-ab82-49f7-a2df-bf5311fc7eb6 with 8d5e3f7c-1700-47d5-bd8c-52e34f9f9f86
[38;5;0m[HTTP][0m [37m<-- GET /wd/hub/session/8d5e3f7c-1700-47d5-bd8c-52e34f9f9f86/source [39m[32m200[39m [90m76 ms - 9286[39m
[38;5;0m[HTTP][0m [90m[39m
[38;5;0m[HTTP][0m [37m-->[39m [37mGET[39m [37m/wd/hub/session/8d5e3f7c-1700-47d5-bd8c-52e34f9f9f86/screenshot[39m
[38;5;0m[HTTP][0m [90m{}[39m
[38;5;0m[HTTP][0m [37m<-- GET /wd/hub/session/8d5e3f7c-1700-47d5-bd8c-52e34f9f9f86/screenshot [39m[32m200[39m [90m383 ms - 88096[39m
[38;5;0m[HTTP][0m [90m[39m
[38;5;0m[HTTP][0m [37m-->[39m [37mPOST[39m [37m/wd/hub/session/8d5e3f7c-1700-47d5-bd8c-52e34f9f9f86/elements[39m
[38;5;0m[HTTP][0m [90m{"using":"xpath","value":"//*[@class = 'android.view.View' and @resource-id = '' and (@text = '' or . = '')]"}[39m
[38;5;0m[HTTP][0m [37m<-- POST /wd/hub/session/8d5e3f7c-1700-47d5-bd8c-52e34f9f9f86/elements [39m[32m200[39m [90m261 ms - 4747[39m
[38;5;0m[HTTP][0m [90m[39m
[38;5;0m[HTTP][0m [37m-->[39m [37mPOST[39m [37m/wd/hub/session/8d5e3f7c-1700-47d5-bd8c-52e34f9f9f86/elements[39m
[38;5;0m[HTTP][0m [90m{"using":"-android uiautomator","value":"new UiSelector().className(\"android.view.View\").resourceId(\"\")"}[39m
[38;5;0m[HTTP][0m [37m<-- POST /wd/hub/session/8d5e3f7c-1700-47d5-bd8c-52e34f9f9f86/elements [39m[32m200[39m [90m355 ms - 4747[39m
[38;5;0m[HTTP][0m [90m[39m
[38;5;0m[HTTP][0m [37m-->[39m [37mPOST[39m [37m/wd/hub/session/8d5e3f7c-1700-47d5-bd8c-52e34f9f9f86/elements[39m
[38;5;0m[HTTP][0m [90m{"using":"xpath","value":"//*[@class = 'android.view.View' and @resource-id = '' and (@text = '' or . = '')]"}[39m
[38;5;0m[HTTP][0m [37m<-- POST /wd/hub/session/8d5e3f7c-1700-47d5-bd8c-52e34f9f9f86/elements [39m[32m200[39m [90m151 ms - 4747[39m
[38;5;0m[HTTP][0m [90m[39m
[38;5;0m[HTTP][0m [37m-->[39m [37mPOST[39m [37m/wd/hub/session/8d5e3f7c-1700-47d5-bd8c-52e34f9f9f86/elements[39m
[38;5;0m[HTTP][0m [90m{"using":"-android uiautomator","value":"new UiSelector().className(\"android.view.View\").resourceId(\"\")"}[39m
[38;5;0m[HTTP][0m [37m<-- POST /wd/hub/session/8d5e3f7c-1700-47d5-bd8c-52e34f9f9f86/elements [39m[32m200[39m [90m273 ms - 4747[39m
[38;5;0m[HTTP][0m [90m[39m
[38;5;0m[HTTP][0m [37m-->[39m [37mGET[39m [37m/wd/hub/session/8d5e3f7c-1700-47d5-bd8c-52e34f9f9f86/source[39m
[38;5;0m[HTTP][0m [90m{}[39m
[38;5;48m[AndroidUiautomator2Driver@f574 (8d5e3f7c)][0m Driver proxy active, passing request on via HTTP proxy
[38;5;48m[AndroidUiautomator2Driver@f574 (8d5e3f7c)][0m Replacing sessionId 73bc34f2-ab82-49f7-a2df-bf5311fc7eb6 with 8d5e3f7c-1700-47d5-bd8c-52e34f9f9f86
[38;5;0m[HTTP][0m [37m<-- GET /wd/hub/session/8d5e3f7c-1700-47d5-bd8c-52e34f9f9f86/source [39m[32m200[39m [90m185 ms - 23665[39m
[38;5;0m[HTTP][0m [90m[39m
[38;5;0m[HTTP][0m [37m-->[39m [37mGET[39m [37m/wd/hub/session/8d5e3f7c-1700-47d5-bd8c-52e34f9f9f86/screenshot[39m
[38;5;0m[HTTP][0m [90m{}[39m
[38;5;0m[HTTP][0m [37m<-- GET /wd/hub/session/8d5e3f7c-1700-47d5-bd8c-52e34f9f9f86/screenshot [39m[32m200[39m [90m570 ms - 493120[39m
[38;5;0m[HTTP][0m [90m[39m
[38;5;0m[HTTP][0m [37m-->[39m [37mPOST[39m [37m/wd/hub/session/8d5e3f7c-1700-47d5-bd8c-52e34f9f9f86/elements[39m
[38;5;0m[HTTP][0m [90m{"using":"xpath","value":"//*[@class = 'android.widget.ImageView' and @resource-id = '' and (@text = '' or . = '')]"}[39m
[38;5;0m[HTTP][0m [37m<-- POST /wd/hub/session/8d5e3f7c-1700-47d5-bd8c-52e34f9f9f86/elements [39m[32m200[39m [90m760 ms - 1163[39m
[38;5;0m[HTTP][0m [90m[39m
[38;5;0m[HTTP][0m [37m-->[39m [37mPOST[39m [37m/wd/hub/session/8d5e3f7c-1700-47d5-bd8c-52e34f9f9f86/elements[39m
[38;5;0m[HTTP][0m [90m{"using":"accessibility id","value":"NEW\nGalaxy A25 5G (8GB Memory)\nSave ₹ 1500.00\n₹ 26999.00\nMRP:\n₹ 28499.00"}[39m
[38;5;0m[HTTP][0m [37m<-- POST /wd/hub/session/8d5e3f7c-1700-47d5-bd8c-52e34f9f9f86/elements [39m[32m200[39m [90m37 ms - 139[39m
[38;5;0m[HTTP][0m [90m[39m
[38;5;0m[HTTP][0m [37m-->[39m [37mGET[39m [37m/wd/hub/session/8d5e3f7c-1700-47d5-bd8c-52e34f9f9f86/window/rect[39m
[38;5;0m[HTTP][0m [90m{}[39m
[38;5;0m[HTTP][0m [37m<-- GET /wd/hub/session/8d5e3f7c-1700-47d5-bd8c-52e34f9f9f86/window/rect [39m[32m200[39m [90m17 ms - 50[39m
[38;5;0m[HTTP][0m [90m[39m
[38;5;0m[HTTP][0m [37m-->[39m [37mPOST[39m [37m/wd/hub/session/8d5e3f7c-1700-47d5-bd8c-52e34f9f9f86/elements[39m
[38;5;0m[HTTP][0m [90m{"using":"accessibility id","value":"NEW\nGalaxy A25 5G (8GB Memory)\nSave ₹ 1500.00\n₹ 26999.00\nMRP:\n₹ 28499.00"}[39m
[38;5;0m[HTTP][0m [37m<-- POST /wd/hub/session/8d5e3f7c-1700-47d5-bd8c-52e34f9f9f86/elements [39m[32m200[39m [90m44 ms - 139[39m
[38;5;0m[HTTP][0m [90m[39m
[38;5;0m[HTTP][0m [37m-->[39m [37mGET[39m [37m/wd/hub/session/8d5e3f7c-1700-47d5-bd8c-52e34f9f9f86/element/00000000-0000-01dd-0000-007000000004/location[39m
[38;5;0m[HTTP][0m [90m{}[39m
[38;5;48m[AndroidUiautomator2Driver@f574 (8d5e3f7c)][0m Driver proxy active, passing request on via HTTP proxy
[38;5;48m[AndroidUiautomator2Driver@f574 (8d5e3f7c)][0m Replacing sessionId 73bc34f2-ab82-49f7-a2df-bf5311fc7eb6 with 8d5e3f7c-1700-47d5-bd8c-52e34f9f9f86
[38;5;0m[HTTP][0m [37m<-- GET /wd/hub/session/8d5e3f7c-1700-47d5-bd8c-52e34f9f9f86/element/00000000-0000-01dd-0000-007000000004/location [39m[32m200[39m [90m24 ms - 78[39m
[38;5;0m[HTTP][0m [90m[39m
[38;5;0m[HTTP][0m [37m-->[39m [37mPOST[39m [37m/wd/hub/session/8d5e3f7c-1700-47d5-bd8c-52e34f9f9f86/element/00000000-0000-01dd-0000-007000000004/click[39m
[38;5;0m[HTTP][0m [90m{"id":"00000000-0000-01dd-0000-007000000004"}[39m
[38;5;0m[HTTP][0m [37m<-- POST /wd/hub/session/8d5e3f7c-1700-47d5-bd8c-52e34f9f9f86/element/00000000-0000-01dd-0000-007000000004/click [39m[32m200[39m [90m42 ms - 14[39m
[38;5;0m[HTTP][0m [90m[39m
[38;5;0m[HTTP][0m [37m-->[39m [37mGET[39m [37m/wd/hub/session/8d5e3f7c-1700-47d5-bd8c-52e34f9f9f86/source[39m
[38;5;0m[HTTP][0m [90m{}[39m
[38;5;48m[AndroidUiautomator2Driver@f574 (8d5e3f7c)][0m Driver proxy active, passing request on via HTTP proxy
[38;5;48m[AndroidUiautomator2Driver@f574 (8d5e3f7c)][0m Replacing sessionId 73bc34f2-ab82-49f7-a2df-bf5311fc7eb6 with 8d5e3f7c-1700-47d5-bd8c-52e34f9f9f86
[38;5;0m[HTTP][0m [37m<-- GET /wd/hub/session/8d5e3f7c-1700-47d5-bd8c-52e34f9f9f86/source [39m[32m200[39m [90m132 ms - 23242[39m
[38;5;0m[HTTP][0m [90m[39m
[38;5;0m[HTTP][0m [37m-->[39m [37mGET[39m [37m/wd/hub/session/8d5e3f7c-1700-47d5-bd8c-52e34f9f9f86/screenshot[39m
[38;5;0m[HTTP][0m [90m{}[39m
[38;5;0m[HTTP][0m [37m<-- GET /wd/hub/session/8d5e3f7c-1700-47d5-bd8c-52e34f9f9f86/screenshot [39m[32m200[39m [90m683 ms - 285504[39m
[38;5;0m[HTTP][0m [90m[39m
[38;5;0m[HTTP][0m [37m-->[39m [37mPOST[39m [37m/wd/hub/session/8d5e3f7c-1700-47d5-bd8c-52e34f9f9f86/elements[39m
[38;5;0m[HTTP][0m [90m{"using":"xpath","value":"//*[@class = 'android.view.View' and @resource-id = '' and (@text = '' or . = '')]"}[39m
[38;5;0m[HTTP][0m [37m<-- POST /wd/hub/session/8d5e3f7c-1700-47d5-bd8c-52e34f9f9f86/elements [39m[32m200[39m [90m180 ms - 4235[39m
[38;5;0m[HTTP][0m [90m[39m
[38;5;0m[HTTP][0m [37m-->[39m [37mPOST[39m [37m/wd/hub/session/8d5e3f7c-1700-47d5-bd8c-52e34f9f9f86/elements[39m
[38;5;0m[HTTP][0m [90m{"using":"-android uiautomator","value":"new UiSelector().className(\"android.view.View\").resourceId(\"\")"}[39m
[38;5;0m[HTTP][0m [37m<-- POST /wd/hub/session/8d5e3f7c-1700-47d5-bd8c-52e34f9f9f86/elements [39m[32m200[39m [90m306 ms - 4235[39m
[38;5;0m[HTTP][0m [90m[39m
[38;5;0m[HTTP][0m [37m-->[39m [37mGET[39m [37m/wd/hub/session/8d5e3f7c-1700-47d5-bd8c-52e34f9f9f86/window/rect[39m
[38;5;0m[HTTP][0m [90m{}[39m
[38;5;0m[HTTP][0m [37m<-- GET /wd/hub/session/8d5e3f7c-1700-47d5-bd8c-52e34f9f9f86/window/rect [39m[32m200[39m [90m16 ms - 50[39m
[38;5;0m[HTTP][0m [90m[39m
[38;5;0m[HTTP][0m [37m-->[39m [37mPOST[39m [37m/wd/hub/session/8d5e3f7c-1700-47d5-bd8c-52e34f9f9f86/elements[39m
[38;5;0m[HTTP][0m [90m{"using":"xpath","value":"//hierarchy/android.widget.FrameLayout[1]/android.widget.LinearLayout[1]/android.widget.FrameLayout[1]/android.widget.FrameLayout[1]/android.widget.FrameLayout[1]/android.view.View[1]/android.view.View[1]/android.view.View[1]/android.view.View[3]/android.view.View[1]/android.view.View[3]/android.view.View[1]/android.view.View[1]/android.view.View[1]/android.view.View[2]/android.view.View[1]/android.view.View[1]/android.view.View[3]"}[39m
[38;5;0m[HTTP][0m [37m<-- POST /wd/hub/session/8d5e3f7c-1700-47d5-bd8c-52e34f9f9f86/elements [39m[32m200[39m [90m60114 ms - 12[39m
[38;5;0m[HTTP][0m [90m[39m
[38;5;0m[HTTP][0m [37m-->[39m [37mPOST[39m [37m/wd/hub/session/8d5e3f7c-1700-47d5-bd8c-52e34f9f9f86/elements[39m
[38;5;0m[HTTP][0m [90m{"using":"xpath","value":"//*[@class = 'android.view.View' and @resource-id = '' and (@text = '' or . = '')]"}[39m
[38;5;0m[HTTP][0m [37m<-- POST /wd/hub/session/8d5e3f7c-1700-47d5-bd8c-52e34f9f9f86/elements [39m[32m200[39m [90m179 ms - 4235[39m
[38;5;0m[HTTP][0m [90m[39m
[38;5;0m[HTTP][0m [37m-->[39m [37mPOST[39m [37m/wd/hub/session/8d5e3f7c-1700-47d5-bd8c-52e34f9f9f86/elements[39m
[38;5;0m[HTTP][0m [90m{"using":"-android uiautomator","value":"new UiSelector().className(\"android.view.View\").resourceId(\"\")"}[39m
[38;5;0m[HTTP][0m [37m<-- POST /wd/hub/session/8d5e3f7c-1700-47d5-bd8c-52e34f9f9f86/elements [39m[32m200[39m [90m258 ms - 4235[39m
[38;5;0m[HTTP][0m [90m[39m
[38;5;0m[HTTP][0m [37m-->[39m [37mPOST[39m [37m/wd/hub/session/8d5e3f7c-1700-47d5-bd8c-52e34f9f9f86/elements[39m
[38;5;0m[HTTP][0m [90m{"using":"xpath","value":"//*[@class = 'android.view.View' and @resource-id = '' and (@text = '' or . = '')]"}[39m
[38;5;0m[HTTP][0m [37m<-- POST /wd/hub/session/8d5e3f7c-1700-47d5-bd8c-52e34f9f9f86/elements [39m[32m200[39m [90m198 ms - 4235[39m
[38;5;0m[HTTP][0m [90m[39m
[38;5;0m[HTTP][0m [37m-->[39m [37mPOST[39m [37m/wd/hub/session/8d5e3f7c-1700-47d5-bd8c-52e34f9f9f86/elements[39m
[38;5;0m[HTTP][0m [90m{"using":"-android uiautomator","value":"new UiSelector().className(\"android.view.View\").resourceId(\"\")"}[39m
[38;5;0m[HTTP][0m [37m<-- POST /wd/hub/session/8d5e3f7c-1700-47d5-bd8c-52e34f9f9f86/elements [39m[32m200[39m [90m220 ms - 4235[39m
[38;5;0m[HTTP][0m [90m[39m
[38;5;0m[HTTP][0m [37m-->[39m [37mGET[39m [37m/wd/hub/session/8d5e3f7c-1700-47d5-bd8c-52e34f9f9f86/source[39m
[38;5;0m[HTTP][0m [90m{}[39m
[38;5;48m[AndroidUiautomator2Driver@f574 (8d5e3f7c)][0m Driver proxy active, passing request on via HTTP proxy
[38;5;48m[AndroidUiautomator2Driver@f574 (8d5e3f7c)][0m Replacing sessionId 73bc34f2-ab82-49f7-a2df-bf5311fc7eb6 with 8d5e3f7c-1700-47d5-bd8c-52e34f9f9f86
[38;5;0m[HTTP][0m [37m<-- GET /wd/hub/session/8d5e3f7c-1700-47d5-bd8c-52e34f9f9f86/source [39m[32m200[39m [90m163 ms - 19674[39m
[38;5;0m[HTTP][0m [90m[39m
[38;5;0m[HTTP][0m [37m-->[39m [37mGET[39m [37m/wd/hub/session/8d5e3f7c-1700-47d5-bd8c-52e34f9f9f86/screenshot[39m
[38;5;0m[HTTP][0m [90m{}[39m
[38;5;0m[HTTP][0m [37m<-- GET /wd/hub/session/8d5e3f7c-1700-47d5-bd8c-52e34f9f9f86/screenshot [39m[32m200[39m [90m603 ms - 456344[39m
[38;5;0m[HTTP][0m [90m[39m
[38;5;0m[HTTP][0m [37m-->[39m [37mPOST[39m [37m/wd/hub/session/8d5e3f7c-1700-47d5-bd8c-52e34f9f9f86/elements[39m
[38;5;0m[HTTP][0m [90m{"using":"xpath","value":"//*[@class = 'android.widget.Button' and @resource-id = '' and (@text = '' or . = '')]"}[39m
[38;5;0m[HTTP][0m [37m<-- POST /wd/hub/session/8d5e3f7c-1700-47d5-bd8c-52e34f9f9f86/elements [39m[32m200[39m [90m119 ms - 267[39m
[38;5;0m[HTTP][0m [90m[39m
[38;5;0m[HTTP][0m [37m-->[39m [37mPOST[39m [37m/wd/hub/session/8d5e3f7c-1700-47d5-bd8c-52e34f9f9f86/elements[39m
[38;5;0m[HTTP][0m [90m{"using":"accessibility id","value":"Buy Now"}[39m
[38;5;0m[HTTP][0m [37m<-- POST /wd/hub/session/8d5e3f7c-1700-47d5-bd8c-52e34f9f9f86/elements [39m[32m200[39m [90m643 ms - 139[39m
[38;5;0m[HTTP][0m [90m[39m
[38;5;0m[HTTP][0m [37m-->[39m [37mGET[39m [37m/wd/hub/session/8d5e3f7c-1700-47d5-bd8c-52e34f9f9f86/window/rect[39m
[38;5;0m[HTTP][0m [90m{}[39m
[38;5;0m[HTTP][0m [37m<-- GET /wd/hub/session/8d5e3f7c-1700-47d5-bd8c-52e34f9f9f86/window/rect [39m[32m200[39m [90m24 ms - 50[39m
[38;5;0m[HTTP][0m [90m[39m
[38;5;0m[HTTP][0m [37m-->[39m [37mPOST[39m [37m/wd/hub/session/8d5e3f7c-1700-47d5-bd8c-52e34f9f9f86/elements[39m
[38;5;0m[HTTP][0m [90m{"using":"accessibility id","value":"Buy Now"}[39m
[38;5;0m[HTTP][0m [37m<-- POST /wd/hub/session/8d5e3f7c-1700-47d5-bd8c-52e34f9f9f86/elements [39m[32m200[39m [90m41 ms - 139[39m
[38;5;0m[HTTP][0m [90m[39m
[38;5;0m[HTTP][0m [37m-->[39m [37mGET[39m [37m/wd/hub/session/8d5e3f7c-1700-47d5-bd8c-52e34f9f9f86/element/00000000-0000-01dd-0000-013200000004/location[39m
[38;5;0m[HTTP][0m [90m{}[39m
[38;5;48m[AndroidUiautomator2Driver@f574 (8d5e3f7c)][0m Driver proxy active, passing request on via HTTP proxy
[38;5;48m[AndroidUiautomator2Driver@f574 (8d5e3f7c)][0m Replacing sessionId 73bc34f2-ab82-49f7-a2df-bf5311fc7eb6 with 8d5e3f7c-1700-47d5-bd8c-52e34f9f9f86
[38;5;0m[HTTP][0m [37m<-- GET /wd/hub/session/8d5e3f7c-1700-47d5-bd8c-52e34f9f9f86/element/00000000-0000-01dd-0000-013200000004/location [39m[32m200[39m [90m26 ms - 78[39m
[38;5;0m[HTTP][0m [90m[39m
[38;5;0m[HTTP][0m [37m-->[39m [37mPOST[39m [37m/wd/hub/session/8d5e3f7c-1700-47d5-bd8c-52e34f9f9f86/element/00000000-0000-01dd-0000-013200000004/click[39m
[38;5;0m[HTTP][0m [90m{"id":"00000000-0000-01dd-0000-013200000004"}[39m
[38;5;0m[HTTP][0m [37m<-- POST /wd/hub/session/8d5e3f7c-1700-47d5-bd8c-52e34f9f9f86/element/00000000-0000-01dd-0000-013200000004/click [39m[32m200[39m [90m733 ms - 14[39m
[38;5;0m[HTTP][0m [90m[39m
[38;5;0m[HTTP][0m [37m-->[39m [37mGET[39m [37m/wd/hub/session/8d5e3f7c-1700-47d5-bd8c-52e34f9f9f86/source[39m
[38;5;0m[HTTP][0m [90m{}[39m
[38;5;48m[AndroidUiautomator2Driver@f574 (8d5e3f7c)][0m Driver proxy active, passing request on via HTTP proxy
[38;5;48m[AndroidUiautomator2Driver@f574 (8d5e3f7c)][0m Replacing sessionId 73bc34f2-ab82-49f7-a2df-bf5311fc7eb6 with 8d5e3f7c-1700-47d5-bd8c-52e34f9f9f86
[38;5;0m[HTTP][0m [37m<-- GET /wd/hub/session/8d5e3f7c-1700-47d5-bd8c-52e34f9f9f86/source [39m[32m200[39m [90m1402 ms - 6998[39m
[38;5;0m[HTTP][0m [90m[39m
[38;5;0m[HTTP][0m [37m-->[39m [37mGET[39m [37m/wd/hub/session/8d5e3f7c-1700-47d5-bd8c-52e34f9f9f86/screenshot[39m
[38;5;0m[HTTP][0m [90m{}[39m
[38;5;0m[HTTP][0m [37m<-- GET /wd/hub/session/8d5e3f7c-1700-47d5-bd8c-52e34f9f9f86/screenshot [39m[32m200[39m [90m370 ms - 96732[39m
[38;5;0m[HTTP][0m [90m[39m
[38;5;0m[HTTP][0m [37m-->[39m [37mPOST[39m [37m/wd/hub/session/8d5e3f7c-1700-47d5-bd8c-52e34f9f9f86/elements[39m
[38;5;0m[HTTP][0m [90m{"using":"xpath","value":"//*[@class = 'android.webkit.WebView' and (@text = '' or . = '')]"}[39m
[38;5;0m[HTTP][0m [37m<-- POST /wd/hub/session/8d5e3f7c-1700-47d5-bd8c-52e34f9f9f86/elements [39m[32m200[39m [90m188 ms - 139[39m
[38;5;0m[HTTP][0m [90m[39m
[38;5;0m[HTTP][0m [37m-->[39m [37mPOST[39m [37m/wd/hub/session/8d5e3f7c-1700-47d5-bd8c-52e34f9f9f86/elements[39m
[38;5;0m[HTTP][0m [90m{"using":"xpath","value":"//*[@class = 'android.webkit.WebView' and (@text = '' or . = '')]"}[39m
[38;5;0m[HTTP][0m [37m<-- POST /wd/hub/session/8d5e3f7c-1700-47d5-bd8c-52e34f9f9f86/elements [39m[32m200[39m [90m202 ms - 139[39m
[38;5;0m[HTTP][0m [90m[39m
[38;5;0m[HTTP][0m [37m-->[39m [37mGET[39m [37m/wd/hub/session/8d5e3f7c-1700-47d5-bd8c-52e34f9f9f86/source[39m
[38;5;0m[HTTP][0m [90m{}[39m
[38;5;48m[AndroidUiautomator2Driver@f574 (8d5e3f7c)][0m Driver proxy active, passing request on via HTTP proxy
[38;5;48m[AndroidUiautomator2Driver@f574 (8d5e3f7c)][0m Replacing sessionId 73bc34f2-ab82-49f7-a2df-bf5311fc7eb6 with 8d5e3f7c-1700-47d5-bd8c-52e34f9f9f86
[38;5;0m[HTTP][0m [37m<-- GET /wd/hub/session/8d5e3f7c-1700-47d5-bd8c-52e34f9f9f86/source [39m[32m200[39m [90m268 ms - 40437[39m
[38;5;0m[HTTP][0m [90m[39m
[38;5;0m[HTTP][0m [37m-->[39m [37mGET[39m [37m/wd/hub/session/8d5e3f7c-1700-47d5-bd8c-52e34f9f9f86/screenshot[39m
[38;5;0m[HTTP][0m [90m{}[39m
[38;5;0m[HTTP][0m [37m<-- GET /wd/hub/session/8d5e3f7c-1700-47d5-bd8c-52e34f9f9f86/screenshot [39m[32m200[39m [90m792 ms - 428084[39m
[38;5;0m[HTTP][0m [90m[39m
[38;5;0m[HTTP][0m [37m-->[39m [37mPOST[39m [37m/wd/hub/session/8d5e3f7c-1700-47d5-bd8c-52e34f9f9f86/elements[39m
[38;5;0m[HTTP][0m [90m{"using":"xpath","value":"//*[@class = 'android.widget.Button' and (@text = 'Checkout' or . = 'Checkout')]"}[39m
[38;5;0m[HTTP][0m [37m<-- POST /wd/hub/session/8d5e3f7c-1700-47d5-bd8c-52e34f9f9f86/elements [39m[32m200[39m [90m223 ms - 139[39m
[38;5;0m[HTTP][0m [90m[39m
[38;5;0m[HTTP][0m [37m-->[39m [37mGET[39m [37m/wd/hub/session/8d5e3f7c-1700-47d5-bd8c-52e34f9f9f86/window/rect[39m
[38;5;0m[HTTP][0m [90m{}[39m
[38;5;0m[HTTP][0m [37m<-- GET /wd/hub/session/8d5e3f7c-1700-47d5-bd8c-52e34f9f9f86/window/rect [39m[32m200[39m [90m16 ms - 50[39m
[38;5;0m[HTTP][0m [90m[39m
[38;5;0m[HTTP][0m [37m-->[39m [37mPOST[39m [37m/wd/hub/session/8d5e3f7c-1700-47d5-bd8c-52e34f9f9f86/elements[39m
[38;5;0m[HTTP][0m [90m{"using":"xpath","value":"//*[@class = 'android.widget.Button' and (@text = 'Checkout' or . = 'Checkout')]"}[39m
[38;5;0m[HTTP][0m [37m<-- POST /wd/hub/session/8d5e3f7c-1700-47d5-bd8c-52e34f9f9f86/elements [39m[32m200[39m [90m156 ms - 139[39m
[38;5;0m[HTTP][0m [90m[39m
[38;5;0m[HTTP][0m [37m-->[39m [37mGET[39m [37m/wd/hub/session/8d5e3f7c-1700-47d5-bd8c-52e34f9f9f86/element/00000000-0000-01dd-0000-005400000010/location[39m
[38;5;0m[HTTP][0m [90m{}[39m
[38;5;48m[AndroidUiautomator2Driver@f574 (8d5e3f7c)][0m Driver proxy active, passing request on via HTTP proxy
[38;5;48m[AndroidUiautomator2Driver@f574 (8d5e3f7c)][0m Replacing sessionId 73bc34f2-ab82-49f7-a2df-bf5311fc7eb6 with 8d5e3f7c-1700-47d5-bd8c-52e34f9f9f86
[38;5;0m[HTTP][0m [37m<-- GET /wd/hub/session/8d5e3f7c-1700-47d5-bd8c-52e34f9f9f86/element/00000000-0000-01dd-0000-005400000010/location [39m[32m200[39m [90m46 ms - 78[39m
[38;5;0m[HTTP][0m [90m[39m
[38;5;0m[HTTP][0m [37m-->[39m [37mPOST[39m [37m/wd/hub/session/8d5e3f7c-1700-47d5-bd8c-52e34f9f9f86/element/00000000-0000-01dd-0000-005400000010/click[39m
[38;5;0m[HTTP][0m [90m{"id":"00000000-0000-01dd-0000-005400000010"}[39m
[38;5;0m[HTTP][0m [37m<-- POST /wd/hub/session/8d5e3f7c-1700-47d5-bd8c-52e34f9f9f86/element/00000000-0000-01dd-0000-005400000010/click [39m[32m200[39m [90m59 ms - 14[39m
[38;5;0m[HTTP][0m [90m[39m
[38;5;0m[HTTP][0m [37m-->[39m [37mGET[39m [37m/wd/hub/session/8d5e3f7c-1700-47d5-bd8c-52e34f9f9f86/source[39m
[38;5;0m[HTTP][0m [90m{}[39m
[38;5;48m[AndroidUiautomator2Driver@f574 (8d5e3f7c)][0m Driver proxy active, passing request on via HTTP proxy
[38;5;48m[AndroidUiautomator2Driver@f574 (8d5e3f7c)][0m Replacing sessionId 73bc34f2-ab82-49f7-a2df-bf5311fc7eb6 with 8d5e3f7c-1700-47d5-bd8c-52e34f9f9f86
[38;5;0m[HTTP][0m [37m<-- GET /wd/hub/session/8d5e3f7c-1700-47d5-bd8c-52e34f9f9f86/source [39m[32m200[39m [90m1163 ms - 44383[39m
[38;5;0m[HTTP][0m [90m[39m
[38;5;0m[HTTP][0m [37m-->[39m [37mGET[39m [37m/wd/hub/session/8d5e3f7c-1700-47d5-bd8c-52e34f9f9f86/screenshot[39m
[38;5;0m[HTTP][0m [90m{}[39m
[38;5;0m[HTTP][0m [37m<-- GET /wd/hub/session/8d5e3f7c-1700-47d5-bd8c-52e34f9f9f86/screenshot [39m[32m200[39m [90m510 ms - 270324[39m
[38;5;0m[HTTP][0m [90m[39m
[38;5;0m[HTTP][0m [37m-->[39m [37mDELETE[39m [37m/wd/hub/session/8d5e3f7c-1700-47d5-bd8c-52e34f9f9f86[39m
[38;5;0m[HTTP][0m [90m{}[39m
[38;5;16m[AppiumDriver@2285][0m Removing session 8d5e3f7c-1700-47d5-bd8c-52e34f9f9f86 from our master session list
[38;5;48m[AndroidUiautomator2Driver@f574 (8d5e3f7c)][0m Restoring hidden api policy to the device default configuration
[38;5;0m[HTTP][0m [37m<-- DELETE /wd/hub/session/8d5e3f7c-1700-47d5-bd8c-52e34f9f9f86 [39m[32m200[39m [90m335 ms - 14[39m
[38;5;0m[HTTP][0m [90m[39m
